<?xml version="1.0" encoding="UTF-8" ?>
<testsuite errors="0" failures="1" hostname="kristianw-Falco" name="NimiTest" tests="1" time="0.236" timestamp="2015-06-17T08:03:41">
  <properties>
    <property name="default.javac.source" value="1.4" />
    <property name="file.encoding.pkg" value="sun.io" />
    <property name="jnlp.signing.alias" value="" />
    <property name="javac.source" value="1.6" />
    <property name="java.home" value="/usr/lib/jvm/java-8-oracle/jre" />
    <property name="test.src.dir" value="test" />
    <property name="javadoc.version" value="false" />
    <property name="jnlp.mixed.code" value="default" />
    <property name="java.endorsed.dirs" value="/usr/lib/jvm/java-8-oracle/jre/lib/endorsed" />
    <property name="src.dir" value="src" />
    <property name="debug-args-line" value="-Xdebug" />
    <property name="build.sysclasspath" value="ignore" />
    <property name="have.sources" value="true" />
    <property name="includes" value="**" />
    <property name="javac.fork" value="false" />
    <property name="source.encoding" value="UTF-8" />
    <property name="sun.os.patch.level" value="unknown" />
    <property name="java.vendor.url" value="http://java.oracle.com/" />
    <property name="java.version" value="1.8.0_45" />
    <property name="javac.debug" value="true" />
    <property name="run.classpath" value=":build/classes" />
    <property name="java.vendor.url.bug" value="http://bugreport.sun.com/bugreport/" />
    <property name="ant.project.invoked-targets" value="test" />
    <property name="annotation.processing.run.all.processors" value="true" />
    <property name="manifest.file" value="manifest.mf" />
    <property name="user.name" value="kristianw" />
    <property name="jnlp.enabled" value="false" />
    <property name="empty.dir" value="/media/ExternalSD/Other/OhTu/tmc-cli/testResources/failingExercise/viikko1/Viikko1_001.Nimi/build/empty" />
    <property name="sun.io.unicode.encoding" value="UnicodeLittle" />
    <property name="sun.jnu.encoding" value="UTF-8" />
    <property name="java.runtime.name" value="Java(TM) SE Runtime Environment" />
    <property name="ant.file.type.001.Nimi" value="file" />
    <property name="application.vendor" value="" />
    <property name="java.specification.name" value="Java Platform API Specification" />
    <property name="javadoc.author" value="false" />
    <property name="ap.proc.none.internal" value="" />
    <property name="user.timezone" value="Europe/Helsinki" />
    <property name="manifest.available" value="true" />
    <property name="path.separator" value=":" />
    <property name="version-output" value="java version &quot;1.7" />
    <property name="ant.file.type.001.Nimi-impl" value="file" />
    <property name="jnlp.signing" value="" />
    <property name="file.encoding" value="UTF-8" />
    <property name="dist.javadoc.dir" value="dist/javadoc" />
    <property name="ant.project.default-target" value="default" />
    <property name="sun.java.command" value="org.apache.tools.ant.taskdefs.optional.junit.JUnitTestRunner NimiTest filtertrace=true haltOnError=false haltOnFailure=false showoutput=true outputtoformatters=true logfailedtests=true logtestlistenerevents=false formatter=org.apache.tools.ant.taskdefs.optional.junit.BriefJUnitResultFormatter formatter=org.apache.tools.ant.taskdefs.optional.junit.XMLJUnitResultFormatter,/media/ExternalSD/Other/OhTu/tmc-cli/testResources/failingExercise/viikko1/Viikko1_001.Nimi/build/test/results/TEST-NimiTest.xml crashfile=/media/ExternalSD/Other/OhTu/tmc-cli/testResources/failingExercise/viikko1/Viikko1_001.Nimi/build/junitvmwatcher7656298228519173996.properties propsfile=/media/ExternalSD/Other/OhTu/tmc-cli/testResources/failingExercise/viikko1/Viikko1_001.Nimi/build/junit3995482675626394577.properties" />
    <property name="built-jar.properties" value="/media/ExternalSD/Other/OhTu/tmc-cli/testResources/failingExercise/viikko1/Viikko1_001.Nimi/build/built-jar.properties" />
    <property name="ant.file" value="/media/ExternalSD/Other/OhTu/tmc-cli/testResources/failingExercise/viikko1/Viikko1_001.Nimi/build.xml" />
    <property name="java.io.tmpdir" value="/tmp" />
    <property name="build.test.results.dir" value="build/test/results" />
    <property name="user.language" value="en" />
    <property name="line.separator" value="&#xa;" />
    <property name="javac.compilerargs" value="" />
    <property name="ant.file.type" value="file" />
    <property name="jar.compress" value="false" />
    <property name="debug-transport-by-os" value="dt_socket" />
    <property name="java.vm.info" value="mixed mode" />
    <property name="javadoc.private" value="false" />
    <property name="annotation.processing.processors.list" value="" />
    <property name="sun.desktop" value="gnome" />
    <property name="java.vm.specification.name" value="Java Virtual Machine Specification" />
    <property name="build.test.classes.dir" value="build/test/classes" />
    <property name="platform.active" value="default_platform" />
    <property name="ap.cmd.line.internal" value="" />
    <property name="jdkBug6558476" value="false" />
    <property name="endorsed.classpath" value="" />
    <property name="javadoc.encoding" value="UTF-8" />
    <property name="java.awt.printerjob" value="sun.print.PSPrinterJob" />
    <property name="ap.processors.internal" value="" />
    <property name="do.archive" value="true" />
    <property name="dist.jar" value="dist/Viikko1_001.Nimi.jar" />
    <property name="meta.inf.dir" value="src/META-INF" />
    <property name="ant.version" value="Apache Ant(TM) version 1.8.2 compiled on December 3 2011" />
    <property name="javadoc.nonavbar" value="false" />
    <property name="annotation.processing.source.output" value="build/generated-sources/ap-source-output" />
    <property name="build.generated.dir" value="build/generated" />
    <property name="os.name" value="Linux" />
    <property name="java.specification.vendor" value="Oracle Corporation" />
    <property name="file.reference.junit-4.10.jar" value="lib/junit-4.10.jar" />
    <property name="run.test.classpath" value=":build/classes:lib/junit-4.10.jar:lib/edu-test-utils-0.4.2.jar:build/test/classes" />
    <property name="java.vm.name" value="Java HotSpot(TM) 64-Bit Server VM" />
    <property name="manifest.available-mkdist.available" value="true" />
    <property name="ap.supported.internal" value="true" />
    <property name="java.library.path" value="/usr/java/packages/lib/amd64:/usr/lib64:/lib64:/lib:/usr/lib" />
    <property name="ant.java.version" value="1.7" />
    <property name="basedir" value="/media/ExternalSD/Other/OhTu/tmc-cli/testResources/failingExercise/viikko1/Viikko1_001.Nimi" />
    <property name="javadoc.noindex" value="false" />
    <property name="java.class.version" value="52.0" />
    <property name="javac.test.classpath" value=":build/classes:lib/junit-4.10.jar:lib/edu-test-utils-0.4.2.jar" />
    <property name="javac.processorpath" value="" />
    <property name="ant.home" value="/usr/share/ant" />
    <property name="javadoc.splitindex" value="true" />
    <property name="javac.test.processorpath" value=":build/classes:lib/junit-4.10.jar:lib/edu-test-utils-0.4.2.jar" />
    <property name="javadoc.preview" value="true" />
    <property name="jnlp.signing.keystore" value="" />
    <property name="junit.forkmode" value="perTest" />
    <property name="sun.boot.library.path" value="/usr/lib/jvm/java-8-oracle/jre/lib/amd64" />
    <property name="build.dir" value="build" />
    <property name="application.title" value="Viikko1_001.Nimi" />
    <property name="sun.management.compiler" value="HotSpot 64-Bit Tiered Compilers" />
    <property name="java.awt.graphicsenv" value="sun.awt.X11GraphicsEnvironment" />
    <property name="javadoc.encoding.used" value="UTF-8" />
    <property name="ant.file.001.Nimi" value="/media/ExternalSD/Other/OhTu/tmc-cli/testResources/failingExercise/viikko1/Viikko1_001.Nimi/build.xml" />
    <property name="javadoc.windowtitle" value="" />
    <property name="annotation.processing.enabled" value="true" />
    <property name="build.generated.sources.dir" value="build/generated-sources" />
    <property name="run.jvmargs" value="" />
    <property name="ant.project.name" value="001.Nimi" />
    <property name="java.vm.specification.version" value="1.8" />
    <property name="file.reference.edu-test-utils-0.4.2.jar" value="lib/edu-test-utils-0.4.2.jar" />
    <property name="work.dir" value="/media/ExternalSD/Other/OhTu/tmc-cli/testResources/failingExercise/viikko1/Viikko1_001.Nimi" />
    <property name="awt.toolkit" value="sun.awt.X11.XToolkit" />
    <property name="javadoc.use" value="true" />
    <property name="sun.cpu.isalist" value="" />
    <property name="ant.file.001.Nimi-impl" value="/media/ExternalSD/Other/OhTu/tmc-cli/testResources/failingExercise/viikko1/Viikko1_001.Nimi/nbproject/build-impl.xml" />
    <property name="java.ext.dirs" value="/usr/lib/jvm/java-8-oracle/jre/lib/ext:/usr/java/packages/lib/ext" />
    <property name="os.version" value="3.17.0-031700-generic" />
    <property name="excludes" value="" />
    <property name="user.home" value="/home/kristianw" />
    <property name="jnlp.descriptor" value="application" />
    <property name="java.vm.vendor" value="Oracle Corporation" />
    <property name="user.dir" value="/media/ExternalSD/Other/OhTu/tmc-cli/testResources/failingExercise/viikko1/Viikko1_001.Nimi" />
    <property name="debug-transport" value="dt_socket" />
    <property name="application.args" value="" />
    <property name="sun.cpu.endian" value="little" />
    <property name="endorsed.classpath.cmd.line.arg" value="" />
    <property name="jar.index" value="false" />
    <property name="java.vm.version" value="25.45-b02" />
    <property name="jnlp.offline-allowed" value="false" />
    <property name="annotation.processing.processor.options" value="" />
    <property name="java.class.path" value="/media/ExternalSD/Other/OhTu/tmc-cli/testResources/failingExercise/viikko1/Viikko1_001.Nimi/build/classes:/media/ExternalSD/Other/OhTu/tmc-cli/testResources/failingExercise/viikko1/Viikko1_001.Nimi/lib/junit-4.10.jar:/media/ExternalSD/Other/OhTu/tmc-cli/testResources/failingExercise/viikko1/Viikko1_001.Nimi/lib/edu-test-utils-0.4.2.jar:/media/ExternalSD/Other/OhTu/tmc-cli/testResources/failingExercise/viikko1/Viikko1_001.Nimi/build/test/classes:/usr/share/ant/lib/junit.jar:/usr/share/java/ant-launcher-1.8.2.jar:/usr/share/ant/lib/ant.jar:/usr/share/ant/lib/ant-junit.jar:/usr/share/ant/lib/ant-junit4.jar" />
    <property name="ant.library.dir" value="/usr/share/ant/lib" />
    <property name="os.arch" value="amd64" />
    <property name="javac.deprecation" value="false" />
    <property name="build.classes.excludes" value="**/*.java,**/*.form" />
    <property name="dist.dir" value="dist" />
    <property name="debug.classpath" value=":build/classes" />
    <property name="sun.java.launcher" value="SUN_STANDARD" />
    <property name="jar.index.metainf" value="false" />
    <property name="jnlp.codebase.type" value="no.codebase" />
    <property name="annotation.processing.enabled.in.editor" value="false" />
    <property name="ant.core.lib" value="/usr/share/ant/lib/ant.jar" />
    <property name="java.vm.specification.vendor" value="Oracle Corporation" />
    <property name="jnlp.signed" value="false" />
    <property name="do.depend" value="false" />
    <property name="file.separator" value="/" />
    <property name="java.runtime.version" value="1.8.0_45-b14" />
    <property name="sun.boot.class.path" value="/usr/lib/jvm/java-8-oracle/jre/lib/resources.jar:/usr/lib/jvm/java-8-oracle/jre/lib/rt.jar:/usr/lib/jvm/java-8-oracle/jre/lib/sunrsasign.jar:/usr/lib/jvm/java-8-oracle/jre/lib/jsse.jar:/usr/lib/jvm/java-8-oracle/jre/lib/jce.jar:/usr/lib/jvm/java-8-oracle/jre/lib/charsets.jar:/usr/lib/jvm/java-8-oracle/jre/lib/jfr.jar:/usr/lib/jvm/java-8-oracle/jre/classes" />
    <property name="debug.test.classpath" value=":build/classes:lib/junit-4.10.jar:lib/edu-test-utils-0.4.2.jar:build/test/classes" />
    <property name="have.tests" value="true" />
    <property name="jar.archive.disabled" value="false" />
    <property name="user.country" value="US" />
    <property name="javadoc.notree" value="false" />
    <property name="default.javac.target" value="1.4" />
    <property name="javadoc.additionalparam" value="" />
    <property name="javac.classpath" value="" />
    <property name="build.classes.dir" value="build/classes" />
    <property name="do.archive+manifest.available" value="true" />
    <property name="java.vendor" value="Oracle Corporation" />
    <property name="javac.target" value="1.6" />
    <property name="runtime.encoding" value="UTF-8" />
    <property name="java.specification.version" value="1.8" />
    <property name="sun.arch.data.model" value="64" />
    <property name="mkdist.disabled" value="false" />
  </properties>
  <testcase classname="NimiTest" name="test" time="0.025">
    <failure message="Et tulostanut mitään!" type="junit.framework.AssertionFailedError">junit.framework.AssertionFailedError: Et tulostanut mitään!
	at NimiTest.test(NimiTest.java:17)
	at fi.helsinki.cs.tmc.edutestutils.MockStdio$1.evaluate(MockStdio.java:106)
</failure>
  </testcase>
  <system-out><![CDATA[]]></system-out>
  <system-err><![CDATA[]]></system-err>
</testsuite>
